Update statistics: /home/runner/work/minkowski_theory/minkowski_theory/code/instances/results/algorithm1/alg1-prob-2-200|200-ll-2_1.json ... already calc.
0.007 sec elapsed
Cpu total 0.02764654 
Update statistics: /home/runner/work/minkowski_theory/minkowski_theory/code/instances/results/algorithm1/alg1-prob-2-200|200-ll-2_2.json ... already calc.
0.006 sec elapsed
Cpu total 0.03350782 
Update statistics: /home/runner/work/minkowski_theory/minkowski_theory/code/instances/results/algorithm1/alg1-prob-2-200|200-ll-2_3.json ... already calc.
0.005 sec elapsed
Cpu total 0.0393784 
Update statistics: /home/runner/work/minkowski_theory/minkowski_theory/code/instances/results/algorithm1/alg1-prob-2-200|200-ll-2_4.json ... already calc.
0.005 sec elapsed
Cpu total 0.04507303 
Update statistics: /home/runner/work/minkowski_theory/minkowski_theory/code/instances/results/algorithm1/alg1-prob-2-200|200-ll-2_5.json ... already calc.
0.006 sec elapsed
Cpu total 0.05096126 
Update statistics: /home/runner/work/minkowski_theory/minkowski_theory/code/instances/results/algorithm1/alg1-prob-2-200|200-mm-2_1.json ... already calc.
0.005 sec elapsed
Cpu total 0.05600476 
Update statistics: /home/runner/work/minkowski_theory/minkowski_theory/code/instances/results/algorithm1/alg1-prob-2-200|200-mm-2_2.json ... already calc.
0.005 sec elapsed
Cpu total 0.06089306 
Update statistics: /home/runner/work/minkowski_theory/minkowski_theory/code/instances/results/algorithm1/alg1-prob-2-200|200-mm-2_3.json ... already calc.
0.006 sec elapsed
Cpu total 0.06649017 
Update statistics: /home/runner/work/minkowski_theory/minkowski_theory/code/instances/results/algorithm1/alg1-prob-2-200|200-mm-2_4.json ... already calc.
0.008 sec elapsed
Cpu total 0.07483721 
Update statistics: /home/runner/work/minkowski_theory/minkowski_theory/code/instances/results/algorithm1/alg1-prob-2-200|200-mm-2_5.json ... already calc.
0.006 sec elapsed
Cpu total 0.0804944 
Update statistics: /home/runner/work/minkowski_theory/minkowski_theory/code/instances/results/algorithm1/alg1-prob-2-200|200-ul-2_1.json ... already calc.
0.002 sec elapsed
Cpu total 0.08271837 
Update statistics: /home/runner/work/minkowski_theory/minkowski_theory/code/instances/results/algorithm1/alg1-prob-2-200|200-ul-2_2.json ... already calc.
0.002 sec elapsed
Cpu total 0.08469629 
Update statistics: /home/runner/work/minkowski_theory/minkowski_theory/code/instances/results/algorithm1/alg1-prob-2-200|200-ul-2_3.json ... already calc.
0.002 sec elapsed
Cpu total 0.08691812 
Update statistics: /home/runner/work/minkowski_theory/minkowski_theory/code/instances/results/algorithm1/alg1-prob-2-200|200-ul-2_4.json ... already calc.
0.002 sec elapsed
Cpu total 0.08890605 
Update statistics: /home/runner/work/minkowski_theory/minkowski_theory/code/instances/results/algorithm1/alg1-prob-2-200|200-ul-2_5.json ... already calc.
0.002 sec elapsed
Cpu total 0.09094286 
Update statistics: /home/runner/work/minkowski_theory/minkowski_theory/code/instances/results/algorithm1/alg1-prob-2-200|200-uu-2_1.json ... already calc.
0.002 sec elapsed
Cpu total 0.09331155 
Update statistics: /home/runner/work/minkowski_theory/minkowski_theory/code/instances/results/algorithm1/alg1-prob-2-200|200-uu-2_2.json ... already calc.
0.002 sec elapsed
Cpu total 0.09581208 
Update statistics: /home/runner/work/minkowski_theory/minkowski_theory/code/instances/results/algorithm1/alg1-prob-2-200|200-uu-2_3.json ... already calc.
0.002 sec elapsed
Cpu total 0.09807634 
Update statistics: /home/runner/work/minkowski_theory/minkowski_theory/code/instances/results/algorithm1/alg1-prob-2-200|200-uu-2_4.json ... already calc.
0.002 sec elapsed
Cpu total 0.1001098 
Update statistics: /home/runner/work/minkowski_theory/minkowski_theory/code/instances/results/algorithm1/alg1-prob-2-200|200-uu-2_5.json ... already calc.
0.002 sec elapsed
Cpu total 0.1023676 
Update statistics: /home/runner/work/minkowski_theory/minkowski_theory/code/instances/results/algorithm1/alg1-prob-2-300|300-ll-2_1.json ... already calc.
0.008 sec elapsed
Cpu total 0.1112325 
Update statistics: /home/runner/work/minkowski_theory/minkowski_theory/code/instances/results/algorithm1/alg1-prob-2-300|300-ll-2_2.json ... already calc.
0.009 sec elapsed
Cpu total 0.1198518 
Update statistics: /home/runner/work/minkowski_theory/minkowski_theory/code/instances/results/algorithm1/alg1-prob-2-300|300-ll-2_3.json ... already calc.
0.009 sec elapsed
Cpu total 0.128792 
Update statistics: /home/runner/work/minkowski_theory/minkowski_theory/code/instances/results/algorithm1/alg1-prob-2-300|300-ll-2_4.json ... already calc.
0.009 sec elapsed
Cpu total 0.1375785 
Update statistics: /home/runner/work/minkowski_theory/minkowski_theory/code/instances/results/algorithm1/alg1-prob-2-300|300-ll-2_5.json ... already calc.
0.008 sec elapsed
Cpu total 0.1462879 
Update statistics: /home/runner/work/minkowski_theory/minkowski_theory/code/instances/results/algorithm1/alg1-prob-2-300|300-mm-2_1.json ... already calc.
0.007 sec elapsed
Cpu total 0.1538095 
Update statistics: /home/runner/work/minkowski_theory/minkowski_theory/code/instances/results/algorithm1/alg1-prob-2-300|300-mm-2_2.json ... already calc.
0.008 sec elapsed
Cpu total 0.1615319 
Update statistics: /home/runner/work/minkowski_theory/minkowski_theory/code/instances/results/algorithm1/alg1-prob-2-300|300-mm-2_3.json ... already calc.
0.01 sec elapsed
Cpu total 0.1721418 
Update statistics: /home/runner/work/minkowski_theory/minkowski_theory/code/instances/results/algorithm1/alg1-prob-2-300|300-mm-2_4.json ... already calc.
0.007 sec elapsed
Cpu total 0.178894 
Update statistics: /home/runner/work/minkowski_theory/minkowski_theory/code/instances/results/algorithm1/alg1-prob-2-300|300-mm-2_5.json ... already calc.
0.007 sec elapsed
Cpu total 0.1857212 
Update statistics: /home/runner/work/minkowski_theory/minkowski_theory/code/instances/results/algorithm1/alg1-prob-2-300|300-ul-2_1.json ... already calc.
0.002 sec elapsed
Cpu total 0.1880789 
Update statistics: /home/runner/work/minkowski_theory/minkowski_theory/code/instances/results/algorithm1/alg1-prob-2-300|300-ul-2_2.json ... already calc.
0.002 sec elapsed
Cpu total 0.1901462 
Update statistics: /home/runner/work/minkowski_theory/minkowski_theory/code/instances/results/algorithm1/alg1-prob-2-300|300-ul-2_3.json ... already calc.
0.002 sec elapsed
Cpu total 0.192441 
Update statistics: /home/runner/work/minkowski_theory/minkowski_theory/code/instances/results/algorithm1/alg1-prob-2-300|300-ul-2_4.json ... already calc.
0.002 sec elapsed
Cpu total 0.1945126 
Update statistics: /home/runner/work/minkowski_theory/minkowski_theory/code/instances/results/algorithm1/alg1-prob-2-300|300-ul-2_5.json ... already calc.
0.002 sec elapsed
Cpu total 0.1965816 
Update statistics: /home/runner/work/minkowski_theory/minkowski_theory/code/instances/results/algorithm1/alg1-prob-2-300|300-uu-2_1.json ... already calc.
0.002 sec elapsed
Cpu total 0.1990156 
Update statistics: /home/runner/work/minkowski_theory/minkowski_theory/code/instances/results/algorithm1/alg1-prob-2-300|300-uu-2_2.json ... already calc.
0.002 sec elapsed
Cpu total 0.2013855 
Update statistics: /home/runner/work/minkowski_theory/minkowski_theory/code/instances/results/algorithm1/alg1-prob-2-300|300-uu-2_3.json ... already calc.
0.002 sec elapsed
Cpu total 0.2038605 
Update statistics: /home/runner/work/minkowski_theory/minkowski_theory/code/instances/results/algorithm1/alg1-prob-2-300|300-uu-2_4.json ... already calc.
0.002 sec elapsed
Cpu total 0.2064066 
Update statistics: /home/runner/work/minkowski_theory/minkowski_theory/code/instances/results/algorithm1/alg1-prob-2-300|300-uu-2_5.json ... already calc.
0.002 sec elapsed
Cpu total 0.2086158 
Update statistics: /home/runner/work/minkowski_theory/minkowski_theory/code/instances/results/algorithm1/alg1-prob-2-50|50-ll-2_1.json ... already calc.
0.001 sec elapsed
Cpu total 0.2101984 
Update statistics: /home/runner/work/minkowski_theory/minkowski_theory/code/instances/results/algorithm1/alg1-prob-2-50|50-ll-2_2.json ... already calc.
0.002 sec elapsed
Cpu total 0.2117314 
Update statistics: /home/runner/work/minkowski_theory/minkowski_theory/code/instances/results/algorithm1/alg1-prob-2-50|50-ll-2_3.json ... already calc.
0.001 sec elapsed
Cpu total 0.2133749 
Update statistics: /home/runner/work/minkowski_theory/minkowski_theory/code/instances/results/algorithm1/alg1-prob-2-50|50-ll-2_4.json ... already calc.
0.001 sec elapsed
Cpu total 0.2149289 
Update statistics: /home/runner/work/minkowski_theory/minkowski_theory/code/instances/results/algorithm1/alg1-prob-2-50|50-ll-2_5.json ... already calc.
0.002 sec elapsed
Cpu total 0.2164745 
Update statistics: /home/runner/work/minkowski_theory/minkowski_theory/code/instances/results/algorithm1/alg1-prob-2-50|50-mm-2_1.json ... already calc.
0.001 sec elapsed
Cpu total 0.2178729 
Update statistics: /home/runner/work/minkowski_theory/minkowski_theory/code/instances/results/algorithm1/alg1-prob-2-50|50-mm-2_2.json ... already calc.
0.001 sec elapsed
Cpu total 0.2191951 
Update statistics: /home/runner/work/minkowski_theory/minkowski_theory/code/instances/results/algorithm1/alg1-prob-2-50|50-mm-2_3.json ... already calc.
0.002 sec elapsed
Cpu total 0.2205775 
Update statistics: /home/runner/work/minkowski_theory/minkowski_theory/code/instances/results/algorithm1/alg1-prob-2-50|50-mm-2_4.json ... already calc.
0.001 sec elapsed
Cpu total 0.221833 
Update statistics: /home/runner/work/minkowski_theory/minkowski_theory/code/instances/results/algorithm1/alg1-prob-2-50|50-mm-2_5.json ... already calc.
0.001 sec elapsed
Cpu total 0.2232955 
Update statistics: /home/runner/work/minkowski_theory/minkowski_theory/code/instances/results/algorithm1/alg1-prob-2-50|50-ul-2_1.json ... already calc.
0 sec elapsed
Cpu total 0.2243717 
Update statistics: /home/runner/work/minkowski_theory/minkowski_theory/code/instances/results/algorithm1/alg1-prob-2-50|50-ul-2_2.json ... already calc.
0.001 sec elapsed
Cpu total 0.2256422 
Update statistics: /home/runner/work/minkowski_theory/minkowski_theory/code/instances/results/algorithm1/alg1-prob-2-50|50-ul-2_3.json ... already calc.
0.001 sec elapsed
Cpu total 0.2266691 
Update statistics: /home/runner/work/minkowski_theory/minkowski_theory/code/instances/results/algorithm1/alg1-prob-2-50|50-ul-2_4.json ... already calc.
0.001 sec elapsed
Cpu total 0.2279212 
Update statistics: /home/runner/work/minkowski_theory/minkowski_theory/code/instances/results/algorithm1/alg1-prob-2-50|50-ul-2_5.json ... already calc.
0.001 sec elapsed
Cpu total 0.2290258 
Update statistics: /home/runner/work/minkowski_theory/minkowski_theory/code/instances/results/algorithm1/alg1-prob-2-50|50-uu-2_1.json ... already calc.
0.001 sec elapsed
Cpu total 0.2302563 
Update statistics: /home/runner/work/minkowski_theory/minkowski_theory/code/instances/results/algorithm1/alg1-prob-2-50|50-uu-2_2.json ... already calc.
0.001 sec elapsed
Cpu total 0.2314429 
Update statistics: /home/runner/work/minkowski_theory/minkowski_theory/code/instances/results/algorithm1/alg1-prob-2-50|50-uu-2_3.json ... already calc.
0.001 sec elapsed
Cpu total 0.2326229 
Update statistics: /home/runner/work/minkowski_theory/minkowski_theory/code/instances/results/algorithm1/alg1-prob-2-50|50-uu-2_4.json ... already calc.
0.001 sec elapsed
Cpu total 0.2338161 
Update statistics: /home/runner/work/minkowski_theory/minkowski_theory/code/instances/results/algorithm1/alg1-prob-2-50|50-uu-2_5.json ... already calc.
0.001 sec elapsed
Cpu total 0.2349908 
Update statistics: /home/runner/work/minkowski_theory/minkowski_theory/code/instances/results/algorithm1/alg1-prob-2-50|50|50-lll-3_1.json ... already calc.
0.004 sec elapsed
Cpu total 0.2384946 
Update statistics: /home/runner/work/minkowski_theory/minkowski_theory/code/instances/results/algorithm1/alg1-prob-2-50|50|50-lll-3_2.json ... already calc.
0.003 sec elapsed
Cpu total 0.242023 
Update statistics: /home/runner/work/minkowski_theory/minkowski_theory/code/instances/results/algorithm1/alg1-prob-2-50|50|50-lll-3_3.json ... already calc.
0.004 sec elapsed
Cpu total 0.2456703 
Update statistics: /home/runner/work/minkowski_theory/minkowski_theory/code/instances/results/algorithm1/alg1-prob-2-50|50|50-lll-3_4.json ... already calc.
0.003 sec elapsed
Cpu total 0.249047 
Update statistics: /home/runner/work/minkowski_theory/minkowski_theory/code/instances/results/algorithm1/alg1-prob-2-50|50|50-lll-3_5.json ... already calc.
0.003 sec elapsed
Cpu total 0.2524197 
Update statistics: /home/runner/work/minkowski_theory/minkowski_theory/code/instances/results/algorithm1/alg1-prob-2-50|50|50-mmm-3_1.json ... already calc.
0.002 sec elapsed
Cpu total 0.2548139 
Update statistics: /home/runner/work/minkowski_theory/minkowski_theory/code/instances/results/algorithm1/alg1-prob-2-50|50|50-mmm-3_2.json ... already calc.
0.002 sec elapsed
Cpu total 0.2572215 
Update statistics: /home/runner/work/minkowski_theory/minkowski_theory/code/instances/results/algorithm1/alg1-prob-2-50|50|50-mmm-3_3.json ... already calc.
0.002 sec elapsed
Cpu total 0.2594087 
Update statistics: /home/runner/work/minkowski_theory/minkowski_theory/code/instances/results/algorithm1/alg1-prob-2-50|50|50-mmm-3_4.json ... already calc.
0.002 sec elapsed
Cpu total 0.261559 
Update statistics: /home/runner/work/minkowski_theory/minkowski_theory/code/instances/results/algorithm1/alg1-prob-2-50|50|50-mmm-3_5.json ... already calc.
0.002 sec elapsed
Cpu total 0.2637079 
Update statistics: /home/runner/work/minkowski_theory/minkowski_theory/code/instances/results/algorithm1/alg1-prob-2-50|50|50-ull-3_1.json ... already calc.
0.002 sec elapsed
Cpu total 0.2658401 
Update statistics: /home/runner/work/minkowski_theory/minkowski_theory/code/instances/results/algorithm1/alg1-prob-2-50|50|50-ull-3_2.json ... already calc.
0.002 sec elapsed
Cpu total 0.2678778 
Update statistics: /home/runner/work/minkowski_theory/minkowski_theory/code/instances/results/algorithm1/alg1-prob-2-50|50|50-ull-3_3.json ... already calc.
0.002 sec elapsed
Cpu total 0.2698681 
Update statistics: /home/runner/work/minkowski_theory/minkowski_theory/code/instances/results/algorithm1/alg1-prob-2-50|50|50-ull-3_4.json ... already calc.
0.003 sec elapsed
Cpu total 0.2725735 
Update statistics: /home/runner/work/minkowski_theory/minkowski_theory/code/instances/results/algorithm1/alg1-prob-2-50|50|50-ull-3_5.json ... already calc.
0.002 sec elapsed
Cpu total 0.2747467 
Update statistics: /home/runner/work/minkowski_theory/minkowski_theory/code/instances/results/algorithm1/alg1-prob-2-50|50|50-uuu-3_1.json ... already calc.
0.001 sec elapsed
Cpu total 0.2763977 
Update statistics: /home/runner/work/minkowski_theory/minkowski_theory/code/instances/results/algorithm1/alg1-prob-2-50|50|50-uuu-3_2.json ... already calc.
0.001 sec elapsed
Cpu total 0.2779484 
Update statistics: /home/runner/work/minkowski_theory/minkowski_theory/code/instances/results/algorithm1/alg1-prob-2-50|50|50-uuu-3_3.json ... already calc.
0.001 sec elapsed
Cpu total 0.2793059 
Update statistics: /home/runner/work/minkowski_theory/minkowski_theory/code/instances/results/algorithm1/alg1-prob-2-50|50|50-uuu-3_4.json ... already calc.
0.001 sec elapsed
Cpu total 0.2810435 
Update statistics: /home/runner/work/minkowski_theory/minkowski_theory/code/instances/results/algorithm1/alg1-prob-2-50|50|50-uuu-3_5.json ... already calc.
0.002 sec elapsed
Cpu total 0.2825027 
Update statistics: /home/runner/work/minkowski_theory/minkowski_theory/code/instances/results/algorithm1/alg1-prob-2-600|600-ll-2_1.json ... already calc.
0.014 sec elapsed
Cpu total 0.2969544 
Update statistics: /home/runner/work/minkowski_theory/minkowski_theory/code/instances/results/algorithm1/alg1-prob-2-600|600-ll-2_2.json ... already calc.
0.014 sec elapsed
Cpu total 0.3112433 
Update statistics: /home/runner/work/minkowski_theory/minkowski_theory/code/instances/results/algorithm1/alg1-prob-2-600|600-ll-2_3.json ... already calc.
0.015 sec elapsed
Cpu total 0.3260174 
Update statistics: /home/runner/work/minkowski_theory/minkowski_theory/code/instances/results/algorithm1/alg1-prob-2-600|600-ll-2_4.json ... already calc.
0.015 sec elapsed
Cpu total 0.3409991 
Update statistics: /home/runner/work/minkowski_theory/minkowski_theory/code/instances/results/algorithm1/alg1-prob-2-600|600-ll-2_5.json ... already calc.
0.015 sec elapsed
Cpu total 0.3561966 
Update statistics: /home/runner/work/minkowski_theory/minkowski_theory/code/instances/results/algorithm1/alg1-prob-2-600|600-mm-2_1.json ... already calc.
0.015 sec elapsed
Cpu total 0.3710423 
Update statistics: /home/runner/work/minkowski_theory/minkowski_theory/code/instances/results/algorithm1/alg1-prob-2-600|600-mm-2_2.json ... already calc.
0.018 sec elapsed
Cpu total 0.3891752 
Update statistics: /home/runner/work/minkowski_theory/minkowski_theory/code/instances/results/algorithm1/alg1-prob-2-600|600-mm-2_3.json ... already calc.
0.014 sec elapsed
Cpu total 0.4033902 
Update statistics: /home/runner/work/minkowski_theory/minkowski_theory/code/instances/results/algorithm1/alg1-prob-2-600|600-mm-2_4.json ... already calc.
0.013 sec elapsed
Cpu total 0.4172695 
Update statistics: /home/runner/work/minkowski_theory/minkowski_theory/code/instances/results/algorithm1/alg1-prob-2-600|600-mm-2_5.json ... already calc.
0.014 sec elapsed
Cpu total 0.4304621 
Update statistics: /home/runner/work/minkowski_theory/minkowski_theory/code/instances/results/algorithm1/alg1-prob-2-600|600-ul-2_1.json ... already calc.
0.003 sec elapsed
Cpu total 0.4337788 
Update statistics: /home/runner/work/minkowski_theory/minkowski_theory/code/instances/results/algorithm1/alg1-prob-2-600|600-ul-2_2.json ... already calc.
0.003 sec elapsed
Cpu total 0.436908 
Update statistics: /home/runner/work/minkowski_theory/minkowski_theory/code/instances/results/algorithm1/alg1-prob-2-600|600-ul-2_3.json ... already calc.
0.003 sec elapsed
Cpu total 0.440079 
Update statistics: /home/runner/work/minkowski_theory/minkowski_theory/code/instances/results/algorithm1/alg1-prob-2-600|600-ul-2_4.json ... already calc.
0.003 sec elapsed
Cpu total 0.4432442 
Update statistics: /home/runner/work/minkowski_theory/minkowski_theory/code/instances/results/algorithm1/alg1-prob-2-600|600-ul-2_5.json ... already calc.
0.003 sec elapsed
Cpu total 0.4464021 
Update statistics: /home/runner/work/minkowski_theory/minkowski_theory/code/instances/results/algorithm1/alg1-prob-2-600|600-uu-2_1.json ... already calc.
0.004 sec elapsed
Cpu total 0.4513929 
Update statistics: /home/runner/work/minkowski_theory/minkowski_theory/code/instances/results/algorithm1/alg1-prob-2-600|600-uu-2_2.json ... already calc.
0.003 sec elapsed
Cpu total 0.4553182 
Update statistics: /home/runner/work/minkowski_theory/minkowski_theory/code/instances/results/algorithm1/alg1-prob-2-600|600-uu-2_3.json ... already calc.
0.003 sec elapsed
Cpu total 0.4589036 
Update statistics: /home/runner/work/minkowski_theory/minkowski_theory/code/instances/results/algorithm1/alg1-prob-2-600|600-uu-2_4.json ... already calc.
0.004 sec elapsed
Cpu total 0.4627645 
Update statistics: /home/runner/work/minkowski_theory/minkowski_theory/code/instances/results/algorithm1/alg1-prob-2-600|600-uu-2_5.json ... already calc.
0.003 sec elapsed
Cpu total 0.4660153 
Update statistics: /home/runner/work/minkowski_theory/minkowski_theory/code/instances/results/algorithm1/alg1-prob-3-200|200-ll-2_1.json ... already calc.
0.015 sec elapsed
Cpu total 0.4805083 
Update statistics: /home/runner/work/minkowski_theory/minkowski_theory/code/instances/results/algorithm1/alg1-prob-3-200|200-uu-2_1.json ... already calc.
0.007 sec elapsed
Cpu total 0.4875908 
Update statistics: /home/runner/work/minkowski_theory/minkowski_theory/code/instances/results/algorithm1/alg1-prob-3-300|300-ll-2_2.json ... already calc.
0.024 sec elapsed
Cpu total 0.512361 
Update statistics: /home/runner/work/minkowski_theory/minkowski_theory/code/instances/results/algorithm1/alg1-prob-3-300|300-ll-2_3.json ... already calc.
0.023 sec elapsed
Cpu total 0.5363641 
Update statistics: /home/runner/work/minkowski_theory/minkowski_theory/code/instances/results/algorithm1/alg1-prob-3-300|300-mm-2_4.json ... already calc.
0.023 sec elapsed
Cpu total 0.559943 
Update statistics: /home/runner/work/minkowski_theory/minkowski_theory/code/instances/results/algorithm1/alg1-prob-3-300|300-mm-2_5.json ... already calc.
0.028 sec elapsed
Cpu total 0.5876658 
Update statistics: /home/runner/work/minkowski_theory/minkowski_theory/code/instances/results/algorithm1/alg1-prob-3-300|300-ul-2_4.json ... already calc.
0.011 sec elapsed
Cpu total 0.5990012 
Update statistics: /home/runner/work/minkowski_theory/minkowski_theory/code/instances/results/algorithm1/alg1-prob-3-300|300-ul-2_5.json ... already calc.
0.008 sec elapsed
Cpu total 0.6069751 
Update statistics: /home/runner/work/minkowski_theory/minkowski_theory/code/instances/results/algorithm1/alg1-prob-3-300|300-uu-2_2.json ... already calc.
0.01 sec elapsed
Cpu total 0.6172307 
Update statistics: /home/runner/work/minkowski_theory/minkowski_theory/code/instances/results/algorithm1/alg1-prob-3-300|300-uu-2_3.json ... already calc.
0.009 sec elapsed
Cpu total 0.626122 
Update statistics: /home/runner/work/minkowski_theory/minkowski_theory/code/instances/results/algorithm1/alg1-prob-3-50|50-ll-2_2.json ... already calc.
0.003 sec elapsed
Cpu total 0.6288793 
Update statistics: /home/runner/work/minkowski_theory/minkowski_theory/code/instances/results/algorithm1/alg1-prob-3-50|50-ll-2_3.json ... already calc.
0.003 sec elapsed
Cpu total 0.6317816 
Update statistics: /home/runner/work/minkowski_theory/minkowski_theory/code/instances/results/algorithm1/alg1-prob-3-50|50-mm-2_4.json ... already calc.
0.002 sec elapsed
Cpu total 0.6341665 
Update statistics: /home/runner/work/minkowski_theory/minkowski_theory/code/instances/results/algorithm1/alg1-prob-3-50|50-mm-2_5.json ... already calc.
0.003 sec elapsed
Cpu total 0.6367276 
Update statistics: /home/runner/work/minkowski_theory/minkowski_theory/code/instances/results/algorithm1/alg1-prob-3-50|50-ul-2_4.json ... already calc.
0.002 sec elapsed
Cpu total 0.6389432 
Update statistics: /home/runner/work/minkowski_theory/minkowski_theory/code/instances/results/algorithm1/alg1-prob-3-50|50-ul-2_5.json ... already calc.
0.002 sec elapsed
Cpu total 0.6412902 
Update statistics: /home/runner/work/minkowski_theory/minkowski_theory/code/instances/results/algorithm1/alg1-prob-3-50|50-uu-2_2.json ... already calc.
0.001 sec elapsed
Cpu total 0.6431396 
Update statistics: /home/runner/work/minkowski_theory/minkowski_theory/code/instances/results/algorithm1/alg1-prob-3-50|50-uu-2_3.json ... already calc.
0.002 sec elapsed
Cpu total 0.6450932 
Update statistics: /home/runner/work/minkowski_theory/minkowski_theory/code/instances/results/algorithm1/alg1-prob-3-50|50|50-lll-3_2.json ... already calc.
0.014 sec elapsed
Cpu total 0.6592762 
Update statistics: /home/runner/work/minkowski_theory/minkowski_theory/code/instances/results/algorithm1/alg1-prob-3-50|50|50-lll-3_3.json ... already calc.
0.013 sec elapsed
Cpu total 0.6728435 
Update statistics: /home/runner/work/minkowski_theory/minkowski_theory/code/instances/results/algorithm1/alg1-prob-3-50|50|50-mmm-3_1.json ... already calc.
0.011 sec elapsed
Cpu total 0.683461 
Update statistics: /home/runner/work/minkowski_theory/minkowski_theory/code/instances/results/algorithm1/alg1-prob-3-50|50|50-ull-3_4.json ... already calc.
0.008 sec elapsed
Cpu total 0.691901 
Update statistics: /home/runner/work/minkowski_theory/minkowski_theory/code/instances/results/algorithm1/alg1-prob-3-50|50|50-ull-3_5.json ... already calc.
0.008 sec elapsed
Cpu total 0.6996748 
Update statistics: /home/runner/work/minkowski_theory/minkowski_theory/code/instances/results/algorithm1/alg1-prob-3-50|50|50-uuu-3_4.json ... already calc.
0.004 sec elapsed
Cpu total 0.7040286 
Update statistics: /home/runner/work/minkowski_theory/minkowski_theory/code/instances/results/algorithm1/alg1-prob-3-50|50|50-uuu-3_5.json ... already calc.
0.006 sec elapsed
Cpu total 0.7102528 
Update statistics: /home/runner/work/minkowski_theory/minkowski_theory/code/instances/results/algorithm1/alg1-prob-3-600|600-ll-2_1.json ... already calc.
0.063 sec elapsed
Cpu total 0.7725289 
Update statistics: /home/runner/work/minkowski_theory/minkowski_theory/code/instances/results/algorithm1/alg1-prob-3-600|600-uu-2_1.json ... already calc.
0.016 sec elapsed
Cpu total 0.788882 
Update statistics: /home/runner/work/minkowski_theory/minkowski_theory/code/instances/results/algorithm1/alg1-prob-4-200|200-ll-2_1.json ... already calc.
0.084 sec elapsed
Cpu total 0.8730977 
Update statistics: /home/runner/work/minkowski_theory/minkowski_theory/code/instances/results/algorithm1/alg1-prob-4-200|200-uu-2_1.json ... already calc.
0.106 sec elapsed
Cpu total 0.9789686 
Update statistics: /home/runner/work/minkowski_theory/minkowski_theory/code/instances/results/algorithm1/alg1-prob-4-300|300-ll-2_2.json ... already calc.
0.184 sec elapsed
Cpu total 1.163372 
Update statistics: /home/runner/work/minkowski_theory/minkowski_theory/code/instances/results/algorithm1/alg1-prob-4-300|300-ll-2_3.json ... already calc.
0.188 sec elapsed
Cpu total 1.351719 
Update statistics: /home/runner/work/minkowski_theory/minkowski_theory/code/instances/results/algorithm1/alg1-prob-4-300|300-mm-2_4.json ... already calc.
0.334 sec elapsed
Cpu total 1.68588 
Update statistics: /home/runner/work/minkowski_theory/minkowski_theory/code/instances/results/algorithm1/alg1-prob-4-300|300-mm-2_5.json ... already calc.
0.236 sec elapsed
Cpu total 1.921702 
Update statistics: /home/runner/work/minkowski_theory/minkowski_theory/code/instances/results/algorithm1/alg1-prob-4-300|300-ul-2_4.json ... already calc.
0.188 sec elapsed
Cpu total 2.11037 
Update statistics: /home/runner/work/minkowski_theory/minkowski_theory/code/instances/results/algorithm1/alg1-prob-4-300|300-ul-2_5.json ... already calc.
0.186 sec elapsed
Cpu total 2.296813 
Update statistics: /home/runner/work/minkowski_theory/minkowski_theory/code/instances/results/algorithm1/alg1-prob-4-300|300-uu-2_2.json ... already calc.
0.296 sec elapsed
Cpu total 2.59324 
Update statistics: /home/runner/work/minkowski_theory/minkowski_theory/code/instances/results/algorithm1/alg1-prob-4-300|300-uu-2_3.json ... already calc.
0.19 sec elapsed
Cpu total 2.784103 
Update statistics: /home/runner/work/minkowski_theory/minkowski_theory/code/instances/results/algorithm1/alg1-prob-4-50|50-ll-2_4.json ... already calc.
0.007 sec elapsed
Cpu total 2.790956 
Update statistics: /home/runner/work/minkowski_theory/minkowski_theory/code/instances/results/algorithm1/alg1-prob-4-50|50-ll-2_5.json ... already calc.
0.006 sec elapsed
Cpu total 2.797447 
Update statistics: /home/runner/work/minkowski_theory/minkowski_theory/code/instances/results/algorithm1/alg1-prob-4-50|50-mm-2_2.json ... already calc.
0.005 sec elapsed
Cpu total 2.802659 
Update statistics: /home/runner/work/minkowski_theory/minkowski_theory/code/instances/results/algorithm1/alg1-prob-4-50|50-mm-2_3.json ... already calc.
0.005 sec elapsed
Cpu total 2.808206 
Update statistics: /home/runner/work/minkowski_theory/minkowski_theory/code/instances/results/algorithm1/alg1-prob-4-50|50-ul-2_2.json ... already calc.
0.007 sec elapsed
Cpu total 2.814667 
Update statistics: /home/runner/work/minkowski_theory/minkowski_theory/code/instances/results/algorithm1/alg1-prob-4-50|50-ul-2_3.json ... already calc.
0.006 sec elapsed
Cpu total 2.82773 
Update statistics: /home/runner/work/minkowski_theory/minkowski_theory/code/instances/results/algorithm1/alg1-prob-4-50|50-uu-2_4.json ... already calc.
0.007 sec elapsed
Cpu total 2.835108 
Update statistics: /home/runner/work/minkowski_theory/minkowski_theory/code/instances/results/algorithm1/alg1-prob-4-50|50-uu-2_5.json ... already calc.
0.006 sec elapsed
Cpu total 2.841283 
Update statistics: /home/runner/work/minkowski_theory/minkowski_theory/code/instances/results/algorithm1/alg1-prob-4-50|50|50-lll-3_1.json ... already calc.
0.171 sec elapsed
Cpu total 3.012823 
Update statistics: /home/runner/work/minkowski_theory/minkowski_theory/code/instances/results/algorithm1/alg1-prob-4-50|50|50-mmm-3_2.json ... already calc.
0.144 sec elapsed
Cpu total 3.156662 
Update statistics: /home/runner/work/minkowski_theory/minkowski_theory/code/instances/results/algorithm1/alg1-prob-4-50|50|50-mmm-3_3.json ... already calc.
0.226 sec elapsed
Cpu total 3.383381 
Update statistics: /home/runner/work/minkowski_theory/minkowski_theory/code/instances/results/algorithm1/alg1-prob-4-600|600-ll-2_1.json ... already calc.
0.854 sec elapsed
Cpu total 4.237721 
Update statistics: /home/runner/work/minkowski_theory/minkowski_theory/code/instances/results/algorithm1/alg1-prob-4-600|600-uu-2_1.json ... already calc.
0.994 sec elapsed
Cpu total 5.232358 
Update statistics: /home/runner/work/minkowski_theory/minkowski_theory/code/instances/results/algorithm1/alg1-prob-5-200|200-ll-2_1.json ... already calc.
0.12 sec elapsed
Cpu total 5.353218 
Update statistics: /home/runner/work/minkowski_theory/minkowski_theory/code/instances/results/algorithm1/alg1-prob-5-200|200-uu-2_1.json ... already calc.
0.138 sec elapsed
Cpu total 5.490662 
Update statistics: /home/runner/work/minkowski_theory/minkowski_theory/code/instances/results/algorithm1/alg1-prob-5-300|300-ll-2_2.json ... already calc.
0.283 sec elapsed
Cpu total 5.774093 
Update statistics: /home/runner/work/minkowski_theory/minkowski_theory/code/instances/results/algorithm1/alg1-prob-5-300|300-ll-2_3.json ... already calc.
0.286 sec elapsed
Cpu total 6.059748 
Update statistics: /home/runner/work/minkowski_theory/minkowski_theory/code/instances/results/algorithm1/alg1-prob-5-300|300-mm-2_4.json ... already calc.
0.246 sec elapsed
Cpu total 6.30563 
Update statistics: /home/runner/work/minkowski_theory/minkowski_theory/code/instances/results/algorithm1/alg1-prob-5-300|300-mm-2_5.json ... already calc.
0.285 sec elapsed
Cpu total 6.590926 
Update statistics: /home/runner/work/minkowski_theory/minkowski_theory/code/instances/results/algorithm1/alg1-prob-5-300|300-ul-2_4.json ... already calc.
0.286 sec elapsed
Cpu total 6.876949 
Update statistics: /home/runner/work/minkowski_theory/minkowski_theory/code/instances/results/algorithm1/alg1-prob-5-300|300-ul-2_5.json ... already calc.
0.39 sec elapsed
Cpu total 7.267145 
Update statistics: /home/runner/work/minkowski_theory/minkowski_theory/code/instances/results/algorithm1/alg1-prob-5-300|300-uu-2_2.json ... already calc.
0.273 sec elapsed
Cpu total 7.540069 
Update statistics: /home/runner/work/minkowski_theory/minkowski_theory/code/instances/results/algorithm1/alg1-prob-5-300|300-uu-2_3.json ... already calc.
0.297 sec elapsed
Cpu total 7.8375 
Update statistics: /home/runner/work/minkowski_theory/minkowski_theory/code/instances/results/algorithm1/alg1-prob-5-50|50-ll-2_5.json ... already calc.
0.008 sec elapsed
Cpu total 7.846087 
Update statistics: /home/runner/work/minkowski_theory/minkowski_theory/code/instances/results/algorithm1/alg1-prob-5-50|50-mm-2_2.json ... already calc.
0.007 sec elapsed
Cpu total 7.85273 
Update statistics: /home/runner/work/minkowski_theory/minkowski_theory/code/instances/results/algorithm1/alg1-prob-5-50|50-mm-2_3.json ... already calc.
0.007 sec elapsed
Cpu total 7.860316 
Update statistics: /home/runner/work/minkowski_theory/minkowski_theory/code/instances/results/algorithm1/alg1-prob-5-50|50-ul-2_2.json ... already calc.
0.007 sec elapsed
Cpu total 7.868236 
Update statistics: /home/runner/work/minkowski_theory/minkowski_theory/code/instances/results/algorithm1/alg1-prob-5-50|50-ul-2_3.json ... already calc.
0.007 sec elapsed
Cpu total 7.876213 
Update statistics: /home/runner/work/minkowski_theory/minkowski_theory/code/instances/results/algorithm1/alg1-prob-5-50|50-uu-2_4.json ... already calc.
0.008 sec elapsed
Cpu total 7.883955 
Update statistics: /home/runner/work/minkowski_theory/minkowski_theory/code/instances/results/algorithm1/alg1-prob-5-50|50-uu-2_5.json ... already calc.
0.008 sec elapsed
Cpu total 7.892069 
Update statistics: /home/runner/work/minkowski_theory/minkowski_theory/code/instances/results/algorithm1/alg1-prob-5-50|50|50-lll-3_4.json ... already calc.
0.353 sec elapsed
Cpu total 8.244684 
Update statistics: /home/runner/work/minkowski_theory/minkowski_theory/code/instances/results/algorithm1/alg1-prob-5-50|50|50-lll-3_5.json ... already calc.
0.334 sec elapsed
Cpu total 8.579238 
Update statistics: /home/runner/work/minkowski_theory/minkowski_theory/code/instances/results/algorithm1/alg1-prob-5-50|50|50-ull-3_2.json ... already calc.
0.459 sec elapsed
Cpu total 9.039515 
Update statistics: /home/runner/work/minkowski_theory/minkowski_theory/code/instances/results/algorithm1/alg1-prob-5-50|50|50-ull-3_3.json ... already calc.
0.364 sec elapsed
Cpu total 9.404049 
Update statistics: /home/runner/work/minkowski_theory/minkowski_theory/code/instances/results/algorithm1/alg1-prob-5-50|50|50-uuu-3_2.json ... already calc.
0.364 sec elapsed
Cpu total 9.768293 
Update statistics: /home/runner/work/minkowski_theory/minkowski_theory/code/instances/results/algorithm1/alg1-prob-5-50|50|50-uuu-3_3.json ... already calc.
0.52 sec elapsed
Cpu total 10.28949 
Update statistics: /home/runner/work/minkowski_theory/minkowski_theory/code/instances/results/algorithm1/alg1-prob-5-600|600-ll-2_1.json ... already calc.
1.486 sec elapsed
Cpu total 11.77576 
Update statistics: /home/runner/work/minkowski_theory/minkowski_theory/code/instances/results/algorithm1/alg1-prob-5-600|600-uu-2_1.json ... already calc.
1.326 sec elapsed
Cpu total 13.10186 
Update statistics for results.[1] "alg1"
Classify 2135 points: /home/runner/work/minkowski_theory/minkowski_theory/code/instances/results/algorithm1/alg1-prob-2-200|200-ll-2_1.json ... already calc.
0.006 sec elapsed
Cpu total 22.06621 
Classify 2095 points: /home/runner/work/minkowski_theory/minkowski_theory/code/instances/results/algorithm1/alg1-prob-2-200|200-ll-2_2.json ... already calc.
0.035 sec elapsed
Cpu total 22.10098 
Classify 2119 points: /home/runner/work/minkowski_theory/minkowski_theory/code/instances/results/algorithm1/alg1-prob-2-200|200-ll-2_3.json ... already calc.
0.006 sec elapsed
Cpu total 22.10746 
Classify 2072 points: /home/runner/work/minkowski_theory/minkowski_theory/code/instances/results/algorithm1/alg1-prob-2-200|200-ll-2_4.json ... already calc.
0.006 sec elapsed
Cpu total 22.11348 
Classify 2112 points: /home/runner/work/minkowski_theory/minkowski_theory/code/instances/results/algorithm1/alg1-prob-2-200|200-ll-2_5.json ... already calc.
0.006 sec elapsed
Cpu total 22.11959 
Classify 1745 points: /home/runner/work/minkowski_theory/minkowski_theory/code/instances/results/algorithm1/alg1-prob-2-200|200-mm-2_1.json ... already calc.
0.005 sec elapsed
Cpu total 22.12454 
Classify 1694 points: /home/runner/work/minkowski_theory/minkowski_theory/code/instances/results/algorithm1/alg1-prob-2-200|200-mm-2_2.json ... already calc.
0.004 sec elapsed
Cpu total 22.12936 
Classify 1998 points: /home/runner/work/minkowski_theory/minkowski_theory/code/instances/results/algorithm1/alg1-prob-2-200|200-mm-2_3.json ... already calc.
0.005 sec elapsed
Cpu total 22.13515 
Classify 1935 points: /home/runner/work/minkowski_theory/minkowski_theory/code/instances/results/algorithm1/alg1-prob-2-200|200-mm-2_4.json ... already calc.
0.006 sec elapsed
Cpu total 22.14065 
Classify 2023 points: /home/runner/work/minkowski_theory/minkowski_theory/code/instances/results/algorithm1/alg1-prob-2-200|200-mm-2_5.json ... already calc.
0.006 sec elapsed
Cpu total 22.14651 
Classify 565 points: /home/runner/work/minkowski_theory/minkowski_theory/code/instances/results/algorithm1/alg1-prob-2-200|200-ul-2_1.json ... already calc.
0.002 sec elapsed
Cpu total 22.14857 
Classify 469 points: /home/runner/work/minkowski_theory/minkowski_theory/code/instances/results/algorithm1/alg1-prob-2-200|200-ul-2_2.json ... already calc.
0.001 sec elapsed
Cpu total 22.15043 
Classify 565 points: /home/runner/work/minkowski_theory/minkowski_theory/code/instances/results/algorithm1/alg1-prob-2-200|200-ul-2_3.json ... already calc.
0.001 sec elapsed
Cpu total 22.15244 
Classify 470 points: /home/runner/work/minkowski_theory/minkowski_theory/code/instances/results/algorithm1/alg1-prob-2-200|200-ul-2_4.json ... already calc.
0.001 sec elapsed
Cpu total 22.15427 
Classify 492 points: /home/runner/work/minkowski_theory/minkowski_theory/code/instances/results/algorithm1/alg1-prob-2-200|200-ul-2_5.json ... already calc.
0.002 sec elapsed
Cpu total 22.2024 
Classify 651 points: /home/runner/work/minkowski_theory/minkowski_theory/code/instances/results/algorithm1/alg1-prob-2-200|200-uu-2_1.json ... already calc.
0.002 sec elapsed
Cpu total 22.2047 
Classify 686 points: /home/runner/work/minkowski_theory/minkowski_theory/code/instances/results/algorithm1/alg1-prob-2-200|200-uu-2_2.json ... already calc.
0.002 sec elapsed
Cpu total 22.20704 
Classify 594 points: /home/runner/work/minkowski_theory/minkowski_theory/code/instances/results/algorithm1/alg1-prob-2-200|200-uu-2_3.json ... already calc.
0.002 sec elapsed
Cpu total 22.20916 
Classify 504 points: /home/runner/work/minkowski_theory/minkowski_theory/code/instances/results/algorithm1/alg1-prob-2-200|200-uu-2_4.json ... already calc.
0.002 sec elapsed
Cpu total 22.211 
Classify 583 points: /home/runner/work/minkowski_theory/minkowski_theory/code/instances/results/algorithm1/alg1-prob-2-200|200-uu-2_5.json ... already calc.
0.002 sec elapsed
Cpu total 22.213 
Classify 3347 points: /home/runner/work/minkowski_theory/minkowski_theory/code/instances/results/algorithm1/alg1-prob-2-300|300-ll-2_1.json ... already calc.
0.01 sec elapsed
Cpu total 22.22334 
Classify 3254 points: /home/runner/work/minkowski_theory/minkowski_theory/code/instances/results/algorithm1/alg1-prob-2-300|300-ll-2_2.json ... already calc.
0.009 sec elapsed
Cpu total 22.23302 
Classify 3379 points: /home/runner/work/minkowski_theory/minkowski_theory/code/instances/results/algorithm1/alg1-prob-2-300|300-ll-2_3.json ... already calc.
0.01 sec elapsed
Cpu total 22.24294 
Classify 3313 points: /home/runner/work/minkowski_theory/minkowski_theory/code/instances/results/algorithm1/alg1-prob-2-300|300-ll-2_4.json ... already calc.
0.01 sec elapsed
Cpu total 22.25262 
Classify 3293 points: /home/runner/work/minkowski_theory/minkowski_theory/code/instances/results/algorithm1/alg1-prob-2-300|300-ll-2_5.json ... already calc.
0.01 sec elapsed
Cpu total 22.26268 
Classify 2819 points: /home/runner/work/minkowski_theory/minkowski_theory/code/instances/results/algorithm1/alg1-prob-2-300|300-mm-2_1.json ... already calc.
0.154 sec elapsed
Cpu total 22.41747 
Classify 2902 points: /home/runner/work/minkowski_theory/minkowski_theory/code/instances/results/algorithm1/alg1-prob-2-300|300-mm-2_2.json ... already calc.
0.008 sec elapsed
Cpu total 22.4263 
Classify 2852 points: /home/runner/work/minkowski_theory/minkowski_theory/code/instances/results/algorithm1/alg1-prob-2-300|300-mm-2_3.json ... already calc.
0.008 sec elapsed
Cpu total 22.43464 
Classify 2852 points: /home/runner/work/minkowski_theory/minkowski_theory/code/instances/results/algorithm1/alg1-prob-2-300|300-mm-2_4.json ... already calc.
0.008 sec elapsed
Cpu total 22.44282 
Classify 2899 points: /home/runner/work/minkowski_theory/minkowski_theory/code/instances/results/algorithm1/alg1-prob-2-300|300-mm-2_5.json ... already calc.
0.008 sec elapsed
Cpu total 22.45118 
Classify 743 points: /home/runner/work/minkowski_theory/minkowski_theory/code/instances/results/algorithm1/alg1-prob-2-300|300-ul-2_1.json ... already calc.
0.003 sec elapsed
Cpu total 22.45365 
Classify 619 points: /home/runner/work/minkowski_theory/minkowski_theory/code/instances/results/algorithm1/alg1-prob-2-300|300-ul-2_2.json ... already calc.
0.002 sec elapsed
Cpu total 22.45574 
Classify 736 points: /home/runner/work/minkowski_theory/minkowski_theory/code/instances/results/algorithm1/alg1-prob-2-300|300-ul-2_3.json ... already calc.
0.002 sec elapsed
Cpu total 22.4581 
Classify 630 points: /home/runner/work/minkowski_theory/minkowski_theory/code/instances/results/algorithm1/alg1-prob-2-300|300-ul-2_4.json ... already calc.
0.002 sec elapsed
Cpu total 22.46023 
Classify 612 points: /home/runner/work/minkowski_theory/minkowski_theory/code/instances/results/algorithm1/alg1-prob-2-300|300-ul-2_5.json ... already calc.
0.002 sec elapsed
Cpu total 22.46236 
Classify 799 points: /home/runner/work/minkowski_theory/minkowski_theory/code/instances/results/algorithm1/alg1-prob-2-300|300-uu-2_1.json ... already calc.
0.002 sec elapsed
Cpu total 22.46486 
Classify 764 points: /home/runner/work/minkowski_theory/minkowski_theory/code/instances/results/algorithm1/alg1-prob-2-300|300-uu-2_2.json ... already calc.
0.002 sec elapsed
Cpu total 22.46731 
Classify 820 points: /home/runner/work/minkowski_theory/minkowski_theory/code/instances/results/algorithm1/alg1-prob-2-300|300-uu-2_3.json ... already calc.
0.002 sec elapsed
Cpu total 22.47005 
Classify 825 points: /home/runner/work/minkowski_theory/minkowski_theory/code/instances/results/algorithm1/alg1-prob-2-300|300-uu-2_4.json ... already calc.
0.003 sec elapsed
Cpu total 22.47269 
Classify 707 points: /home/runner/work/minkowski_theory/minkowski_theory/code/instances/results/algorithm1/alg1-prob-2-300|300-uu-2_5.json ... already calc.
0.002 sec elapsed
Cpu total 22.47502 
Classify 367 points: /home/runner/work/minkowski_theory/minkowski_theory/code/instances/results/algorithm1/alg1-prob-2-50|50-ll-2_1.json ... already calc.
0.002 sec elapsed
Cpu total 22.47656 
Classify 380 points: /home/runner/work/minkowski_theory/minkowski_theory/code/instances/results/algorithm1/alg1-prob-2-50|50-ll-2_2.json ... already calc.
0.001 sec elapsed
Cpu total 22.47814 
Classify 422 points: /home/runner/work/minkowski_theory/minkowski_theory/code/instances/results/algorithm1/alg1-prob-2-50|50-ll-2_3.json ... already calc.
0.002 sec elapsed
Cpu total 22.47981 
Classify 382 points: /home/runner/work/minkowski_theory/minkowski_theory/code/instances/results/algorithm1/alg1-prob-2-50|50-ll-2_4.json ... already calc.
0.001 sec elapsed
Cpu total 22.48137 
Classify 378 points: /home/runner/work/minkowski_theory/minkowski_theory/code/instances/results/algorithm1/alg1-prob-2-50|50-ll-2_5.json ... already calc.
0.001 sec elapsed
Cpu total 22.48296 
Classify 297 points: /home/runner/work/minkowski_theory/minkowski_theory/code/instances/results/algorithm1/alg1-prob-2-50|50-mm-2_1.json ... already calc.
0.001 sec elapsed
Cpu total 22.48434 
Classify 281 points: /home/runner/work/minkowski_theory/minkowski_theory/code/instances/results/algorithm1/alg1-prob-2-50|50-mm-2_2.json ... already calc.
0.001 sec elapsed
Cpu total 22.48571 
Classify 300 points: /home/runner/work/minkowski_theory/minkowski_theory/code/instances/results/algorithm1/alg1-prob-2-50|50-mm-2_3.json ... already calc.
0.001 sec elapsed
Cpu total 22.48711 
Classify 237 points: /home/runner/work/minkowski_theory/minkowski_theory/code/instances/results/algorithm1/alg1-prob-2-50|50-mm-2_4.json ... already calc.
0.001 sec elapsed
Cpu total 22.48837 
Classify 336 points: /home/runner/work/minkowski_theory/minkowski_theory/code/instances/results/algorithm1/alg1-prob-2-50|50-mm-2_5.json ... already calc.
0.001 sec elapsed
Cpu total 22.48988 
Classify 173 points: /home/runner/work/minkowski_theory/minkowski_theory/code/instances/results/algorithm1/alg1-prob-2-50|50-ul-2_1.json ... already calc.
0.001 sec elapsed
Cpu total 22.49101 
Classify 245 points: /home/runner/work/minkowski_theory/minkowski_theory/code/instances/results/algorithm1/alg1-prob-2-50|50-ul-2_2.json ... already calc.
0.001 sec elapsed
Cpu total 22.49228 
Classify 151 points: /home/runner/work/minkowski_theory/minkowski_theory/code/instances/results/algorithm1/alg1-prob-2-50|50-ul-2_3.json ... already calc.
0 sec elapsed
Cpu total 22.49332 
Classify 239 points: /home/runner/work/minkowski_theory/minkowski_theory/code/instances/results/algorithm1/alg1-prob-2-50|50-ul-2_4.json ... already calc.
0.001 sec elapsed
Cpu total 22.49463 
Classify 183 points: /home/runner/work/minkowski_theory/minkowski_theory/code/instances/results/algorithm1/alg1-prob-2-50|50-ul-2_5.json ... already calc.
0.001 sec elapsed
Cpu total 22.49573 
Classify 168 points: /home/runner/work/minkowski_theory/minkowski_theory/code/instances/results/algorithm1/alg1-prob-2-50|50-uu-2_1.json ... already calc.
0.001 sec elapsed
Cpu total 22.49681 
Classify 219 points: /home/runner/work/minkowski_theory/minkowski_theory/code/instances/results/algorithm1/alg1-prob-2-50|50-uu-2_2.json ... already calc.
0.001 sec elapsed
Cpu total 22.49803 
Classify 218 points: /home/runner/work/minkowski_theory/minkowski_theory/code/instances/results/algorithm1/alg1-prob-2-50|50-uu-2_3.json ... already calc.
0.001 sec elapsed
Cpu total 22.49925 
Classify 203 points: /home/runner/work/minkowski_theory/minkowski_theory/code/instances/results/algorithm1/alg1-prob-2-50|50-uu-2_4.json ... already calc.
0.001 sec elapsed
Cpu total 22.50042 
Classify 207 points: /home/runner/work/minkowski_theory/minkowski_theory/code/instances/results/algorithm1/alg1-prob-2-50|50-uu-2_5.json ... already calc.
0.001 sec elapsed
Cpu total 22.50161 
Classify 1285 points: /home/runner/work/minkowski_theory/minkowski_theory/code/instances/results/algorithm1/alg1-prob-2-50|50|50-lll-3_1.json ... already calc.
0.003 sec elapsed
Cpu total 22.50536 
Classify 1313 points: /home/runner/work/minkowski_theory/minkowski_theory/code/instances/results/algorithm1/alg1-prob-2-50|50|50-lll-3_2.json ... already calc.
0.003 sec elapsed
Cpu total 22.50912 
Classify 1369 points: /home/runner/work/minkowski_theory/minkowski_theory/code/instances/results/algorithm1/alg1-prob-2-50|50|50-lll-3_3.json ... already calc.
0.004 sec elapsed
Cpu total 22.51301 
Classify 1259 points: /home/runner/work/minkowski_theory/minkowski_theory/code/instances/results/algorithm1/alg1-prob-2-50|50|50-lll-3_4.json ... already calc.
0.004 sec elapsed
Cpu total 22.51661 
Classify 1259 points: /home/runner/work/minkowski_theory/minkowski_theory/code/instances/results/algorithm1/alg1-prob-2-50|50|50-lll-3_5.json ... already calc.
0.003 sec elapsed
Cpu total 22.52017 
Classify 758 points: /home/runner/work/minkowski_theory/minkowski_theory/code/instances/results/algorithm1/alg1-prob-2-50|50|50-mmm-3_1.json ... already calc.
0.003 sec elapsed
Cpu total 22.52263 
Classify 791 points: /home/runner/work/minkowski_theory/minkowski_theory/code/instances/results/algorithm1/alg1-prob-2-50|50|50-mmm-3_2.json ... already calc.
0.002 sec elapsed
Cpu total 22.52512 
Classify 684 points: /home/runner/work/minkowski_theory/minkowski_theory/code/instances/results/algorithm1/alg1-prob-2-50|50|50-mmm-3_3.json ... already calc.
0.002 sec elapsed
Cpu total 22.52739 
Classify 647 points: /home/runner/work/minkowski_theory/minkowski_theory/code/instances/results/algorithm1/alg1-prob-2-50|50|50-mmm-3_4.json ... already calc.
0.002 sec elapsed
Cpu total 22.52956 
Classify 664 points: /home/runner/work/minkowski_theory/minkowski_theory/code/instances/results/algorithm1/alg1-prob-2-50|50|50-mmm-3_5.json ... already calc.
0.002 sec elapsed
Cpu total 22.53174 
Classify 659 points: /home/runner/work/minkowski_theory/minkowski_theory/code/instances/results/algorithm1/alg1-prob-2-50|50|50-ull-3_1.json ... already calc.
0.002 sec elapsed
Cpu total 22.53393 
Classify 614 points: /home/runner/work/minkowski_theory/minkowski_theory/code/instances/results/algorithm1/alg1-prob-2-50|50|50-ull-3_2.json ... already calc.
0.002 sec elapsed
Cpu total 22.53597 
Classify 593 points: /home/runner/work/minkowski_theory/minkowski_theory/code/instances/results/algorithm1/alg1-prob-2-50|50|50-ull-3_3.json ... already calc.
0.002 sec elapsed
Cpu total 22.53802 
Classify 961 points: /home/runner/work/minkowski_theory/minkowski_theory/code/instances/results/algorithm1/alg1-prob-2-50|50|50-ull-3_4.json ... already calc.
0.003 sec elapsed
Cpu total 22.54086 
Classify 654 points: /home/runner/work/minkowski_theory/minkowski_theory/code/instances/results/algorithm1/alg1-prob-2-50|50|50-ull-3_5.json ... already calc.
0.002 sec elapsed
Cpu total 22.54302 
Classify 475 points: /home/runner/work/minkowski_theory/minkowski_theory/code/instances/results/algorithm1/alg1-prob-2-50|50|50-uuu-3_1.json ... already calc.
0.002 sec elapsed
Cpu total 22.54482 
Classify 429 points: /home/runner/work/minkowski_theory/minkowski_theory/code/instances/results/algorithm1/alg1-prob-2-50|50|50-uuu-3_2.json ... already calc.
0.002 sec elapsed
Cpu total 22.54653 
Classify 350 points: /home/runner/work/minkowski_theory/minkowski_theory/code/instances/results/algorithm1/alg1-prob-2-50|50|50-uuu-3_3.json ... already calc.
0.001 sec elapsed
Cpu total 22.54805 
Classify 536 points: /home/runner/work/minkowski_theory/minkowski_theory/code/instances/results/algorithm1/alg1-prob-2-50|50|50-uuu-3_4.json ... already calc.
0.002 sec elapsed
Cpu total 22.54999 
Classify 386 points: /home/runner/work/minkowski_theory/minkowski_theory/code/instances/results/algorithm1/alg1-prob-2-50|50|50-uuu-3_5.json ... already calc.
0.002 sec elapsed
Cpu total 22.55158 
Classify 6705 points: /home/runner/work/minkowski_theory/minkowski_theory/code/instances/results/algorithm1/alg1-prob-2-600|600-ll-2_1.json ... already calc.
0.017 sec elapsed
Cpu total 22.56875 
Classify 6647 points: /home/runner/work/minkowski_theory/minkowski_theory/code/instances/results/algorithm1/alg1-prob-2-600|600-ll-2_2.json ... already calc.
0.016 sec elapsed
Cpu total 22.58535 
Classify 6685 points: /home/runner/work/minkowski_theory/minkowski_theory/code/instances/results/algorithm1/alg1-prob-2-600|600-ll-2_3.json ... already calc.
0.016 sec elapsed
Cpu total 22.60216 
Classify 6700 points: /home/runner/work/minkowski_theory/minkowski_theory/code/instances/results/algorithm1/alg1-prob-2-600|600-ll-2_4.json ... already calc.
0.017 sec elapsed
Cpu total 22.619 
Classify 6620 points: /home/runner/work/minkowski_theory/minkowski_theory/code/instances/results/algorithm1/alg1-prob-2-600|600-ll-2_5.json ... already calc.
0.017 sec elapsed
Cpu total 22.63584 
Classify 6398 points: /home/runner/work/minkowski_theory/minkowski_theory/code/instances/results/algorithm1/alg1-prob-2-600|600-mm-2_1.json ... already calc.
0.016 sec elapsed
Cpu total 22.65199 
Classify 6364 points: /home/runner/work/minkowski_theory/minkowski_theory/code/instances/results/algorithm1/alg1-prob-2-600|600-mm-2_2.json ... already calc.
0.016 sec elapsed
Cpu total 22.66812 
Classify 6405 points: /home/runner/work/minkowski_theory/minkowski_theory/code/instances/results/algorithm1/alg1-prob-2-600|600-mm-2_3.json ... already calc.
0.017 sec elapsed
Cpu total 22.68464 
Classify 6440 points: /home/runner/work/minkowski_theory/minkowski_theory/code/instances/results/algorithm1/alg1-prob-2-600|600-mm-2_4.json ... already calc.
0.016 sec elapsed
Cpu total 22.70135 
Classify 6195 points: /home/runner/work/minkowski_theory/minkowski_theory/code/instances/results/algorithm1/alg1-prob-2-600|600-mm-2_5.json ... already calc.
0.015 sec elapsed
Cpu total 22.71669 
Classify 1230 points: /home/runner/work/minkowski_theory/minkowski_theory/code/instances/results/algorithm1/alg1-prob-2-600|600-ul-2_1.json ... already calc.
0.003 sec elapsed
Cpu total 22.7203 
Classify 1207 points: /home/runner/work/minkowski_theory/minkowski_theory/code/instances/results/algorithm1/alg1-prob-2-600|600-ul-2_2.json ... already calc.
0.003 sec elapsed
Cpu total 22.72379 
Classify 1220 points: /home/runner/work/minkowski_theory/minkowski_theory/code/instances/results/algorithm1/alg1-prob-2-600|600-ul-2_3.json ... already calc.
0.003 sec elapsed
Cpu total 22.72734 
Classify 1202 points: /home/runner/work/minkowski_theory/minkowski_theory/code/instances/results/algorithm1/alg1-prob-2-600|600-ul-2_4.json ... already calc.
0.003 sec elapsed
Cpu total 22.73082 
Classify 1202 points: /home/runner/work/minkowski_theory/minkowski_theory/code/instances/results/algorithm1/alg1-prob-2-600|600-ul-2_5.json ... already calc.
0.003 sec elapsed
Cpu total 22.73426 
Classify 2091 points: /home/runner/work/minkowski_theory/minkowski_theory/code/instances/results/algorithm1/alg1-prob-2-600|600-uu-2_1.json ... already calc.
0.006 sec elapsed
Cpu total 22.73957 
Classify 1564 points: /home/runner/work/minkowski_theory/minkowski_theory/code/instances/results/algorithm1/alg1-prob-2-600|600-uu-2_2.json ... already calc.
0.004 sec elapsed
Cpu total 22.74385 
Classify 1415 points: /home/runner/work/minkowski_theory/minkowski_theory/code/instances/results/algorithm1/alg1-prob-2-600|600-uu-2_3.json ... already calc.
0.004 sec elapsed
Cpu total 22.74783 
Classify 1565 points: /home/runner/work/minkowski_theory/minkowski_theory/code/instances/results/algorithm1/alg1-prob-2-600|600-uu-2_4.json ... already calc.
0.004 sec elapsed
Cpu total 22.75206 
Classify 1237 points: /home/runner/work/minkowski_theory/minkowski_theory/code/instances/results/algorithm1/alg1-prob-2-600|600-uu-2_5.json ... already calc.
0.004 sec elapsed
Cpu total 22.75562 
Classify 5520 points: /home/runner/work/minkowski_theory/minkowski_theory/code/instances/results/algorithm1/alg1-prob-3-200|200-ll-2_1.json ... already calc.
0.016 sec elapsed
Cpu total 22.77164 
Classify 2537 points: /home/runner/work/minkowski_theory/minkowski_theory/code/instances/results/algorithm1/alg1-prob-3-200|200-uu-2_1.json ... already calc.
0.008 sec elapsed
Cpu total 22.77965 
Classify 9737 points: /home/runner/work/minkowski_theory/minkowski_theory/code/instances/results/algorithm1/alg1-prob-3-300|300-ll-2_2.json ... already calc.
0.026 sec elapsed
Cpu total 22.80586 
Classify 9386 points: /home/runner/work/minkowski_theory/minkowski_theory/code/instances/results/algorithm1/alg1-prob-3-300|300-ll-2_3.json ... already calc.
0.025 sec elapsed
Cpu total 22.83061 
Classify 9138 points: /home/runner/work/minkowski_theory/minkowski_theory/code/instances/results/algorithm1/alg1-prob-3-300|300-mm-2_4.json ... already calc.
0.024 sec elapsed
Cpu total 22.85461 
Classify 8711 points: /home/runner/work/minkowski_theory/minkowski_theory/code/instances/results/algorithm1/alg1-prob-3-300|300-mm-2_5.json ... already calc.
0.023 sec elapsed
Cpu total 22.87769 
Classify 4008 points: /home/runner/work/minkowski_theory/minkowski_theory/code/instances/results/algorithm1/alg1-prob-3-300|300-ul-2_4.json ... already calc.
0.011 sec elapsed
Cpu total 22.88899 
Classify 2861 points: /home/runner/work/minkowski_theory/minkowski_theory/code/instances/results/algorithm1/alg1-prob-3-300|300-ul-2_5.json ... already calc.
0.008 sec elapsed
Cpu total 22.89734 
Classify 3802 points: /home/runner/work/minkowski_theory/minkowski_theory/code/instances/results/algorithm1/alg1-prob-3-300|300-uu-2_2.json ... already calc.
0.01 sec elapsed
Cpu total 22.90802 
Classify 3226 points: /home/runner/work/minkowski_theory/minkowski_theory/code/instances/results/algorithm1/alg1-prob-3-300|300-uu-2_3.json ... already calc.
0.009 sec elapsed
Cpu total 22.91721 
Classify 794 points: /home/runner/work/minkowski_theory/minkowski_theory/code/instances/results/algorithm1/alg1-prob-3-50|50-ll-2_2.json ... already calc.
0.003 sec elapsed
Cpu total 22.92007 
Classify 846 points: /home/runner/work/minkowski_theory/minkowski_theory/code/instances/results/algorithm1/alg1-prob-3-50|50-ll-2_3.json ... already calc.
0.003 sec elapsed
Cpu total 22.92308 
Classify 649 points: /home/runner/work/minkowski_theory/minkowski_theory/code/instances/results/algorithm1/alg1-prob-3-50|50-mm-2_4.json ... already calc.
0.003 sec elapsed
Cpu total 22.92554 
Classify 726 points: /home/runner/work/minkowski_theory/minkowski_theory/code/instances/results/algorithm1/alg1-prob-3-50|50-mm-2_5.json ... already calc.
0.002 sec elapsed
Cpu total 22.92819 
Classify 518 points: /home/runner/work/minkowski_theory/minkowski_theory/code/instances/results/algorithm1/alg1-prob-3-50|50-ul-2_4.json ... already calc.
0.002 sec elapsed
Cpu total 22.93029 
Classify 633 points: /home/runner/work/minkowski_theory/minkowski_theory/code/instances/results/algorithm1/alg1-prob-3-50|50-ul-2_5.json ... already calc.
0.002 sec elapsed
Cpu total 22.93271 
Classify 460 points: /home/runner/work/minkowski_theory/minkowski_theory/code/instances/results/algorithm1/alg1-prob-3-50|50-uu-2_2.json ... already calc.
0.002 sec elapsed
Cpu total 22.93462 
Classify 501 points: /home/runner/work/minkowski_theory/minkowski_theory/code/instances/results/algorithm1/alg1-prob-3-50|50-uu-2_3.json ... already calc.
0.002 sec elapsed
Cpu total 22.93664 
Classify 5354 points: /home/runner/work/minkowski_theory/minkowski_theory/code/instances/results/algorithm1/alg1-prob-3-50|50|50-lll-3_2.json ... already calc.
0.014 sec elapsed
Cpu total 22.9512 
Classify 5147 points: /home/runner/work/minkowski_theory/minkowski_theory/code/instances/results/algorithm1/alg1-prob-3-50|50|50-lll-3_3.json ... already calc.
0.014 sec elapsed
Cpu total 22.9653 
Classify 3938 points: /home/runner/work/minkowski_theory/minkowski_theory/code/instances/results/algorithm1/alg1-prob-3-50|50|50-mmm-3_1.json ... already calc.
0.01 sec elapsed
Cpu total 22.97629 
Classify 3074 points: /home/runner/work/minkowski_theory/minkowski_theory/code/instances/results/algorithm1/alg1-prob-3-50|50|50-ull-3_4.json ... already calc.
0.008 sec elapsed
Cpu total 22.98509 
Classify 2810 points: /home/runner/work/minkowski_theory/minkowski_theory/code/instances/results/algorithm1/alg1-prob-3-50|50|50-ull-3_5.json ... already calc.
0.008 sec elapsed
Cpu total 22.99325 
Classify 1424 points: /home/runner/work/minkowski_theory/minkowski_theory/code/instances/results/algorithm1/alg1-prob-3-50|50|50-uuu-3_4.json ... already calc.
0.005 sec elapsed
Cpu total 22.99786 
Classify 2179 points: /home/runner/work/minkowski_theory/minkowski_theory/code/instances/results/algorithm1/alg1-prob-3-50|50|50-uuu-3_5.json ... already calc.
0.006 sec elapsed
Cpu total 23.00434 
Classify 23778 points: /home/runner/work/minkowski_theory/minkowski_theory/code/instances/results/algorithm1/alg1-prob-3-600|600-ll-2_1.json ... already calc.
0.063 sec elapsed
Cpu total 23.06765 
Classify 6159 points: /home/runner/work/minkowski_theory/minkowski_theory/code/instances/results/algorithm1/alg1-prob-3-600|600-uu-2_1.json ... already calc.
0.018 sec elapsed
Cpu total 23.0855 
Classify 24504 points: /home/runner/work/minkowski_theory/minkowski_theory/code/instances/results/algorithm1/alg1-prob-4-200|200-ll-2_1.json ... already calc.
0.083 sec elapsed
Cpu total 23.16948 
Classify 33058 points: /home/runner/work/minkowski_theory/minkowski_theory/code/instances/results/algorithm1/alg1-prob-4-200|200-uu-2_1.json ... already calc.
0.115 sec elapsed
Cpu total 23.28508 
Classify 48640 points: /home/runner/work/minkowski_theory/minkowski_theory/code/instances/results/algorithm1/alg1-prob-4-300|300-ll-2_2.json ... already calc.
0.167 sec elapsed
Cpu total 23.45219 
Classify 53922 points: /home/runner/work/minkowski_theory/minkowski_theory/code/instances/results/algorithm1/alg1-prob-4-300|300-ll-2_3.json ... already calc.
0.191 sec elapsed
Cpu total 23.64316 
Classify 70095 points: /home/runner/work/minkowski_theory/minkowski_theory/code/instances/results/algorithm1/alg1-prob-4-300|300-mm-2_4.json ... already calc.
0.245 sec elapsed
Cpu total 23.8884 
Classify 61373 points: /home/runner/work/minkowski_theory/minkowski_theory/code/instances/results/algorithm1/alg1-prob-4-300|300-mm-2_5.json ... already calc.
0.213 sec elapsed
Cpu total 24.10194 
Classify 53413 points: /home/runner/work/minkowski_theory/minkowski_theory/code/instances/results/algorithm1/alg1-prob-4-300|300-ul-2_4.json ... already calc.
0.189 sec elapsed
Cpu total 24.29084 
Classify 50687 points: /home/runner/work/minkowski_theory/minkowski_theory/code/instances/results/algorithm1/alg1-prob-4-300|300-ul-2_5.json ... already calc.
0.184 sec elapsed
Cpu total 24.4752 
Classify 56433 points: /home/runner/work/minkowski_theory/minkowski_theory/code/instances/results/algorithm1/alg1-prob-4-300|300-uu-2_2.json ... already calc.
0.198 sec elapsed
Cpu total 24.67297 
Classify 54722 points: /home/runner/work/minkowski_theory/minkowski_theory/code/instances/results/algorithm1/alg1-prob-4-300|300-uu-2_3.json ... already calc.
0.202 sec elapsed
Cpu total 24.87493 
Classify 1840 points: /home/runner/work/minkowski_theory/minkowski_theory/code/instances/results/algorithm1/alg1-prob-4-50|50-ll-2_4.json ... already calc.
0.008 sec elapsed
Cpu total 24.88253 
Classify 1874 points: /home/runner/work/minkowski_theory/minkowski_theory/code/instances/results/algorithm1/alg1-prob-4-50|50-ll-2_5.json ... already calc.
0.007 sec elapsed
Cpu total 24.88948 
Classify 1465 points: /home/runner/work/minkowski_theory/minkowski_theory/code/instances/results/algorithm1/alg1-prob-4-50|50-mm-2_2.json ... already calc.
0.005 sec elapsed
Cpu total 24.89502 
Classify 1598 points: /home/runner/work/minkowski_theory/minkowski_theory/code/instances/results/algorithm1/alg1-prob-4-50|50-mm-2_3.json ... already calc.
0.006 sec elapsed
Cpu total 24.90088 
Classify 1880 points: /home/runner/work/minkowski_theory/minkowski_theory/code/instances/results/algorithm1/alg1-prob-4-50|50-ul-2_2.json ... already calc.
0.007 sec elapsed
Cpu total 24.90769 
Classify 1705 points: /home/runner/work/minkowski_theory/minkowski_theory/code/instances/results/algorithm1/alg1-prob-4-50|50-ul-2_3.json ... already calc.
0.006 sec elapsed
Cpu total 24.91389 
Classify 2077 points: /home/runner/work/minkowski_theory/minkowski_theory/code/instances/results/algorithm1/alg1-prob-4-50|50-uu-2_4.json ... already calc.
0.007 sec elapsed
Cpu total 24.92128 
Classify 1786 points: /home/runner/work/minkowski_theory/minkowski_theory/code/instances/results/algorithm1/alg1-prob-4-50|50-uu-2_5.json ... already calc.
0.006 sec elapsed
Cpu total 24.92774 
Classify 50154 points: /home/runner/work/minkowski_theory/minkowski_theory/code/instances/results/algorithm1/alg1-prob-4-50|50|50-lll-3_1.json ... already calc.
0.173 sec elapsed
Cpu total 25.10064 
Classify 41470 points: /home/runner/work/minkowski_theory/minkowski_theory/code/instances/results/algorithm1/alg1-prob-4-50|50|50-mmm-3_2.json ... already calc.
0.142 sec elapsed
Cpu total 25.24338 
Classify 40416 points: /home/runner/work/minkowski_theory/minkowski_theory/code/instances/results/algorithm1/alg1-prob-4-50|50|50-mmm-3_3.json ... already calc.
0.148 sec elapsed
Cpu total 25.3921 
Classify 190106 points: /home/runner/work/minkowski_theory/minkowski_theory/code/instances/results/algorithm1/alg1-prob-4-600|600-ll-2_1.json ... already calc.
0.775 sec elapsed
Cpu total 26.16673 
Classify 209029 points: /home/runner/work/minkowski_theory/minkowski_theory/code/instances/results/algorithm1/alg1-prob-4-600|600-uu-2_1.json ... already calc.
1.014 sec elapsed
Cpu total 27.1814 
Classify 34828 points: /home/runner/work/minkowski_theory/minkowski_theory/code/instances/results/algorithm1/alg1-prob-5-200|200-ll-2_1.json ...Cpu total 121.6828 
Classify 35549 points: /home/runner/work/minkowski_theory/minkowski_theory/code/instances/results/algorithm1/alg1-prob-5-200|200-uu-2_1.json ... already calc.
0.15 sec elapsed
Cpu total 121.8333 
Classify 76352 points: /home/runner/work/minkowski_theory/minkowski_theory/code/instances/results/algorithm1/alg1-prob-5-300|300-ll-2_2.json ...Cpu total 379.1429 
Classify 75875 points: /home/runner/work/minkowski_theory/minkowski_theory/code/instances/results/algorithm1/alg1-prob-5-300|300-ll-2_3.json ...Cpu total 640.1923 
Update statistics for results.[1] "alg1"


Finish running R script.

